# JRE version: OpenJDK Runtime Environment (17.0.6) (build 17.0.6+0-b2043.56-10027231)
# Java VM: OpenJDK 64-Bit Server VM (17.0.6+0-b2043.56-10027231, mixed mode, tiered, compressed oops, compressed class ptrs, g1 gc, windows-amd64)
GC Precious Log:
 CPUs: 8 total, 8 available
 Memory: 8068M
 Large Page Support: Disabled
 NUMA Support: Disabled
 Compressed Oops: Enabled (Zero based)
 Heap Region Size: 2M
 Heap Min Capacity: 8M
 Heap Initial Capacity: 128M
 Heap Max Capacity: 4G
 Pre-touch: Disabled
 Parallel Workers: 8
 Concurrent Workers: 2
 Concurrent Refinement Workers: 8
 Periodic GC: Disabled
Heap:
 garbage-first heap   total 223232K, used 158993K [0x0000000700000000, 0x0000000800000000)
  region size 2048K, 24 young (49152K), 4 survivors (8192K)
 Metaspace       used 107919K, committed 108864K, reserved 1146880K
  class space    used 14503K, committed 14912K, reserved 1048576K
GC Heap History (20 events):
Event: 11.224 GC heap before
{Heap before GC invocations=30 (full 0):
 garbage-first heap   total 141312K, used 99388K [0x0000000700000000, 0x0000000800000000)
  region size 2048K, 17 young (34816K), 3 survivors (6144K)
 Metaspace       used 80853K, committed 81472K, reserved 1122304K
  class space    used 10894K, committed 11200K, reserved 1048576K
}
Event: 11.232 GC heap after
{Heap after GC invocations=31 (full 0):
 garbage-first heap   total 141312K, used 72447K [0x0000000700000000, 0x0000000800000000)
  region size 2048K, 3 young (6144K), 3 survivors (6144K)
 Metaspace       used 80853K, committed 81472K, reserved 1122304K
  class space    used 10894K, committed 11200K, reserved 1048576K
}
Event: 11.688 GC heap before
{Heap before GC invocations=31 (full 0):
 garbage-first heap   total 141312K, used 113407K [0x0000000700000000, 0x0000000800000000)
  region size 2048K, 23 young (47104K), 3 survivors (6144K)
 Metaspace       used 82731K, committed 83456K, reserved 1122304K
  class space    used 11146K, committed 11456K, reserved 1048576K
}
Event: 11.694 GC heap after
{Heap after GC invocations=32 (full 0):
 garbage-first heap   total 184320K, used 75743K [0x0000000700000000, 0x0000000800000000)
  region size 2048K, 3 young (6144K), 3 survivors (6144K)
 Metaspace       used 82731K, committed 83456K, reserved 1122304K
  class space    used 11146K, committed 11456K, reserved 1048576K
}
Event: 12.743 GC heap before
{Heap before GC invocations=33 (full 0):
 garbage-first heap   total 184320K, used 149471K [0x0000000700000000, 0x0000000800000000)
  region size 2048K, 39 young (79872K), 3 survivors (6144K)
 Metaspace       used 88340K, committed 89088K, reserved 1130496K
  class space    used 12110K, committed 12416K, reserved 1048576K
}
Event: 12.754 GC heap after
{Heap after GC invocations=34 (full 0):
 garbage-first heap   total 184320K, used 81271K [0x0000000700000000, 0x0000000800000000)
  region size 2048K, 5 young (10240K), 5 survivors (10240K)
 Metaspace       used 88340K, committed 89088K, reserved 1130496K
  class space    used 12110K, committed 12416K, reserved 1048576K
}
Event: 13.733 GC heap before
{Heap before GC invocations=34 (full 0):
 garbage-first heap   total 184320K, used 146807K [0x0000000700000000, 0x0000000800000000)
  region size 2048K, 38 young (77824K), 5 survivors (10240K)
 Metaspace       used 91000K, committed 91776K, reserved 1130496K
  class space    used 12514K, committed 12864K, reserved 1048576K
}
Event: 13.746 GC heap after
{Heap after GC invocations=35 (full 0):
 garbage-first heap   total 184320K, used 91492K [0x0000000700000000, 0x0000000800000000)
  region size 2048K, 5 young (10240K), 5 survivors (10240K)
 Metaspace       used 91000K, committed 91776K, reserved 1130496K
  class space    used 12514K, committed 12864K, reserved 1048576K
}
Event: 14.696 GC heap before
{Heap before GC invocations=35 (full 0):
 garbage-first heap   total 184320K, used 144740K [0x0000000700000000, 0x0000000800000000)
  region size 2048K, 32 young (65536K), 5 survivors (10240K)
 Metaspace       used 96636K, committed 97472K, reserved 1138688K
  class space    used 13327K, committed 13696K, reserved 1048576K
}
Event: 14.706 GC heap after
{Heap after GC invocations=36 (full 0):
 garbage-first heap   total 184320K, used 97475K [0x0000000700000000, 0x0000000800000000)
  region size 2048K, 3 young (6144K), 3 survivors (6144K)
 Metaspace       used 96636K, committed 97472K, reserved 1138688K
  class space    used 13327K, committed 13696K, reserved 1048576K
}
Event: 15.491 GC heap before
{Heap before GC invocations=36 (full 0):
 garbage-first heap   total 184320K, used 146627K [0x0000000700000000, 0x0000000800000000)
  region size 2048K, 28 young (57344K), 3 survivors (6144K)
 Metaspace       used 99005K, committed 99840K, reserved 1138688K
  class space    used 13634K, committed 13952K, reserved 1048576K
}
Event: 15.504 GC heap after
{Heap after GC invocations=37 (full 0):
 garbage-first heap   total 184320K, used 104581K [0x0000000700000000, 0x0000000800000000)
  region size 2048K, 4 young (8192K), 4 survivors (8192K)
 Metaspace       used 99005K, committed 99840K, reserved 1138688K
  class space    used 13634K, committed 13952K, reserved 1048576K
}
Event: 16.268 GC heap before
{Heap before GC invocations=38 (full 0):
 garbage-first heap   total 192512K, used 147589K [0x0000000700000000, 0x0000000800000000)
  region size 2048K, 25 young (51200K), 4 survivors (8192K)
 Metaspace       used 102120K, committed 102976K, reserved 1138688K
  class space    used 13987K, committed 14400K, reserved 1048576K
}
Event: 16.277 GC heap after
{Heap after GC invocations=39 (full 0):
 garbage-first heap   total 192512K, used 111222K [0x0000000700000000, 0x0000000800000000)
  region size 2048K, 4 young (8192K), 4 survivors (8192K)
 Metaspace       used 102120K, committed 102976K, reserved 1138688K
  class space    used 13987K, committed 14400K, reserved 1048576K
}
Event: 20.633 GC heap before
{Heap before GC invocations=39 (full 0):
 garbage-first heap   total 192512K, used 150134K [0x0000000700000000, 0x0000000800000000)
  region size 2048K, 24 young (49152K), 4 survivors (8192K)
 Metaspace       used 102690K, committed 103552K, reserved 1138688K
  class space    used 14084K, committed 14464K, reserved 1048576K
}
Event: 20.644 GC heap after
{Heap after GC invocations=40 (full 0):
 garbage-first heap   total 192512K, used 113697K [0x0000000700000000, 0x0000000800000000)
  region size 2048K, 2 young (4096K), 2 survivors (4096K)
 Metaspace       used 102690K, committed 103552K, reserved 1138688K
  class space    used 14084K, committed 14464K, reserved 1048576K
}
Event: 93.043 GC heap before
{Heap before GC invocations=41 (full 0):
 garbage-first heap   total 204800K, used 152609K [0x0000000700000000, 0x0000000800000000)
  region size 2048K, 22 young (45056K), 2 survivors (4096K)
 Metaspace       used 106924K, committed 107840K, reserved 1146880K
  class space    used 14460K, committed 14848K, reserved 1048576K
}
Event: 93.049 GC heap after
{Heap after GC invocations=42 (full 0):
 garbage-first heap   total 204800K, used 115587K [0x0000000700000000, 0x0000000800000000)
  region size 2048K, 3 young (6144K), 3 survivors (6144K)
 Metaspace       used 106924K, committed 107840K, reserved 1146880K
  class space    used 14460K, committed 14848K, reserved 1048576K
}
Event: 94.171 GC heap before
{Heap before GC invocations=42 (full 0):
 garbage-first heap   total 204800K, used 164739K [0x0000000700000000, 0x0000000800000000)
  region size 2048K, 27 young (55296K), 3 survivors (6144K)
 Metaspace       used 107508K, committed 108480K, reserved 1146880K
  class space    used 14479K, committed 14912K, reserved 1048576K
}
Event: 94.199 GC heap after
{Heap after GC invocations=43 (full 0):
 garbage-first heap   total 204800K, used 122129K [0x0000000700000000, 0x0000000800000000)
  region size 2048K, 4 young (8192K), 4 survivors (8192K)
 Metaspace       used 107508K, committed 108480K, reserved 1146880K
  class space    used 14479K, committed 14912K, reserved 1048576K
}

